<?xml version="1.0" encoding="utf-8"?>
<RelativeLayout xmlns:android="http://schemas.android.com/apk/res/android"
    android:orientation="vertical" android:layout_width="match_parent"
    android:layout_height="match_parent">

    <LinearLayout
        android:orientation="vertical"
        android:layout_centerVertical="true"
        android:layout_width="match_parent"
        android:layout_height="wrap_content">

        <TextView
            android:id="@+id/test_result_header"
            android:textSize="25sp"
            android:textColor="@android:color/black"
            android:text="@string/test_result_header"
            android:layout_marginTop="30dp"
            android:layout_gravity="center"
            android:layout_width="wrap_content"
            android:layout_height="wrap_content" />

        <TextView
            android:id="@+id/test_result_string"
            android:textSize="20sp"
            android:layout_marginTop="15dp"
            android:layout_gravity="center"
            android:layout_width="wrap_content"
            android:layout_height="wrap_content" />

        <LinearLayout
            android:orientation="horizontal"
            android:layout_width="wrap_content"
            android:layout_height="wrap_content">

            <TextView
                android:id="@+id/test_result_quantity_right"
                android:textSize="20sp"
                android:text="@string/test_result_right"
                android:layout_marginTop="20dp"
                android:layout_marginLeft="30dp"
                android:layout_width="wrap_content"
                android:layout_height="wrap_content"
                android:textColor="@color/colorTextResultRight"/>

            <TextView
                android:id="@+id/test_result_quantity_set_right"
                android:textSize="20sp"
                android:layout_marginTop="20dp"
                android:layout_marginLeft="15dp"
                android:layout_width="wrap_content"
                android:layout_height="wrap_content"
                android:textColor="@color/colorTextResultRight"/>

        </LinearLayout>

        <LinearLayout
            android:orientation="horizontal"
            android:layout_width="wrap_content"
            android:layout_height="wrap_content">

            <TextView
                android:id="@+id/test_result_quantity_wrong"
                android:textSize="20sp"
                android:text="@string/test_result_wrong"
                android:layout_marginTop="15dp"
                android:layout_marginLeft="30dp"
                android:layout_width="wrap_content"
                android:layout_height="wrap_content"
                android:textColor="@color/colorTextResultWrong"/>

            <TextView
                android:id="@+id/test_result_quantity_set_wrong"
                android:textSize="20sp"
                android:layout_marginTop="15dp"
                android:layout_marginLeft="15dp"
                android:layout_width="wrap_content"
                android:layout_height="wrap_content"
                android:textColor="@color/colorTextResultWrong"/>

        </LinearLayout>

        <LinearLayout
            android:orientation="vertical"
            android:layout_width="match_parent"
            android:layout_height="wrap_content">

            <Button
                android:id="@+id/test_result_button_repeat"
                android:layout_gravity="center"
                android:layout_marginTop="15dp"
                android:layout_marginLeft="10dp"
                android:layout_marginRight="10dp"
                android:text="Repeat"
                android:layout_width="match_parent"
                android:layout_height="wrap_content" />

            <Button
                android:id="@+id/test_result_button_cancel"
                android:layout_gravity="center"
                android:layout_marginTop="5dp"
                android:layout_marginLeft="10dp"
                android:layout_marginRight="10dp"
                android:text="Cancel"
                android:layout_width="match_parent"
                android:layout_height="wrap_content" />

        </LinearLayout>

    </LinearLayout>

</RelativeLayout>